<?xml version="1.0" encoding="UTF-8"?>
<!-- Generated by org.testng.reporters.JUnitReportReporter -->
<testsuite hostname="DESKTOP-0T4GVDK" failures="0" tests="2" name="humanityTests.ProfileTest" time="19.486" errors="0" timestamp="2020-01-16T16:49:16 CET" skipped="0">
  <testcase classname="humanityTests.ProfileTest" name="uploadRegularImage" time="13.543"/>
  <testcase classname="humanityTests.ProfileTest" name="uploadImageOver4Mb" time="5.943"/>
</testsuite> <!-- humanityTests.ProfileTest -->
